INFO:root:Property images added successfully 24064
INFO:root:Agency Title: Abbeyview Properties
INFO:root:New post Created: 24065
INFO:root:--------------------------------------------------------------------------------------------
INFO:root:Property images added successfully 24066
INFO:root:Agency Title: Abri Homes
INFO:root:New post Created: 24067
INFO:root:--------------------------------------------------------------------------------------------
INFO:root:Property images added successfully 24068
INFO:root:Agency Title: Acorn Property Group
INFO:root:New post Created: 24069
INFO:root:--------------------------------------------------------------------------------------------
INFO:root:Property images added successfully 24070
INFO:root:Agency Title: Albemarle Homes
INFO:root:New post Created: 24071
INFO:root:--------------------------------------------------------------------------------------------
INFO:root:Property images added successfully 24072
INFO:root:Agency Title: Allanwater Homes
INFO:root:New post Created: 24073
INFO:root:--------------------------------------------------------------------------------------------
INFO:root:Property images added successfully 24074
INFO:root:Agency Title: Allen & Harris Estate Agents
INFO:root:New post Created: 24075
INFO:root:--------------------------------------------------------------------------------------------
INFO:root:Property images added successfully 24076
INFO:root:Agency Title: Allen & Harris Estate Agents in Calne
INFO:root:New post Created: 24077
INFO:root:--------------------------------------------------------------------------------------------
INFO:root:Property images added successfully 24078
INFO:root:Agency Title: Allison Homes
INFO:root:New post Created: 24079
INFO:root:--------------------------------------------------------------------------------------------
WARNING:root:Image file Amethyst Homes.png does not exist, skipping...
INFO:root:Agency Title: Amethyst Homes
INFO:root:New post Created: 24080
INFO:root:--------------------------------------------------------------------------------------------
INFO:root:Property images added successfully 24081
INFO:root:Agency Title: Antler Homes
INFO:root:New post Created: 24082
INFO:root:--------------------------------------------------------------------------------------------
WARNING:root:Image file Ashberry Homes.png does not exist, skipping...
INFO:root:Agency Title: Ashberry Homes
INFO:root:New post Created: 24083
INFO:root:--------------------------------------------------------------------------------------------
INFO:root:Image cell is empty, skipping...
INFO:root:Agency Title: Ashtons Estate Agents
INFO:root:New post Created: 24084
INFO:root:--------------------------------------------------------------------------------------------
INFO:root:Property images added successfully 24085
INFO:root:Agency Title: Ashwood Homes
INFO:root:New post Created: 24086
INFO:root:--------------------------------------------------------------------------------------------
INFO:root:Property images added successfully 24087
INFO:root:Agency Title: Aspen Woolf
INFO:root:New post Created: 24088
INFO:root:--------------------------------------------------------------------------------------------
INFO:root:Image cell is empty, skipping...
INFO:root:Agency Title: Aster Homes
INFO:root:New post Created: 24089
INFO:root:--------------------------------------------------------------------------------------------
INFO:root:Property images added successfully 24090
INFO:root:Agency Title: Auxesia Homes
INFO:root:New post Created: 24091
INFO:root:--------------------------------------------------------------------------------------------
INFO:root:Property images added successfully 24092
INFO:root:Agency Title: Avant Homes
INFO:root:New post Created: 24093
INFO:root:--------------------------------------------------------------------------------------------
INFO:root:Property images added successfully 24094
INFO:root:Agency Title: Avant Homes in Barnsley
INFO:root:New post Created: 24095
INFO:root:--------------------------------------------------------------------------------------------
INFO:root:Property images added successfully 24096
INFO:root:Agency Title: B3athome
INFO:root:New post Created: 24097
INFO:root:--------------------------------------------------------------------------------------------
INFO:root:Property images added successfully 24098
INFO:root:Agency Title: Backhouse Housing
INFO:root:New post Created: 24099
INFO:root:--------------------------------------------------------------------------------------------
INFO:root:Property images added successfully 24100
INFO:root:Agency Title: Bairstow Eves
INFO:root:New post Created: 24101
INFO:root:--------------------------------------------------------------------------------------------
INFO:root:Property images added successfully 24102
INFO:root:Agency Title: Barnard Marcus
INFO:root:New post Created: 24103
INFO:root:--------------------------------------------------------------------------------------------
INFO:root:Image cell is empty, skipping...
INFO:root:Agency Title: Barratt Homes
INFO:root:New post Created: 24104
INFO:root:--------------------------------------------------------------------------------------------
INFO:root:Property images added successfully 24105
INFO:root:Agency Title: Barratt London
INFO:root:New post Created: 24106
INFO:root:--------------------------------------------------------------------------------------------
INFO:root:Image cell is empty, skipping...
INFO:root:Agency Title: Barwick
INFO:root:New post Created: 24107
INFO:root:--------------------------------------------------------------------------------------------
INFO:root:Property images added successfully 24108
INFO:root:Agency Title: Beech Grove Homes
INFO:root:New post Created: 24109
INFO:root:--------------------------------------------------------------------------------------------
INFO:root:Property images added successfully 24110
INFO:root:Agency Title: Bell Homes
INFO:root:New post Created: 24111
INFO:root:--------------------------------------------------------------------------------------------
INFO:root:Property images added successfully 24112
INFO:root:Agency Title: Bellway
INFO:root:New post Created: 24113
INFO:root:--------------------------------------------------------------------------------------------
INFO:root:Image cell is empty, skipping...
INFO:root:Agency Title: Bellway London
INFO:root:New post Created: 24114
INFO:root:--------------------------------------------------------------------------------------------
INFO:root:Property images added successfully 24115
INFO:root:Agency Title: Berkeley DeVeer
INFO:root:New post Created: 24116
INFO:root:--------------------------------------------------------------------------------------------
INFO:root:Image cell is empty, skipping...
INFO:root:Agency Title: Berkeley Homes
INFO:root:New post Created: 24117
INFO:root:--------------------------------------------------------------------------------------------
INFO:root:Image cell is empty, skipping...
INFO:root:Agency Title: Beverley Homes
INFO:root:New post Created: 24118
INFO:root:--------------------------------------------------------------------------------------------
INFO:root:Property images added successfully 24119
INFO:root:Agency Title: BEWEST
INFO:root:New post Created: 24120
INFO:root:--------------------------------------------------------------------------------------------
INFO:root:Property images added successfully 24121
INFO:root:Agency Title: Bewley Homes
INFO:root:New post Created: 24122
INFO:root:--------------------------------------------------------------------------------------------
INFO:root:Property images added successfully 24123
INFO:root:Agency Title: Bidwells
INFO:root:New post Created: 24124
INFO:root:--------------------------------------------------------------------------------------------
INFO:root:Image cell is empty, skipping...
INFO:root:Agency Title: Bloor Homes
INFO:root:New post Created: 24125
INFO:root:--------------------------------------------------------------------------------------------
INFO:root:Image cell is empty, skipping...
INFO:root:Agency Title: Bloor Homes in Buckden
INFO:root:New post Created: 24126
INFO:root:--------------------------------------------------------------------------------------------
INFO:root:Image cell is empty, skipping...
INFO:root:Agency Title: Bloor Homes in Sudbury
INFO:root:New post Created: 24127
INFO:root:--------------------------------------------------------------------------------------------
INFO:root:Image cell is empty, skipping...
INFO:root:Agency Title: Bloor Homes in Wallingford
INFO:root:New post Created: 24128
INFO:root:--------------------------------------------------------------------------------------------
INFO:root:Property images added successfully 24129
INFO:root:Agency Title: BoKlok
INFO:root:New post Created: 24130
INFO:root:--------------------------------------------------------------------------------------------
INFO:root:Image cell is empty, skipping...
INFO:root:Agency Title: BoKlok in Highbridge
INFO:root:New post Created: 24131
INFO:root:--------------------------------------------------------------------------------------------
INFO:root:Property images added successfully 24132
INFO:root:Agency Title: Bovis Homes
INFO:root:New post Created: 24133
INFO:root:--------------------------------------------------------------------------------------------
INFO:root:Property images added successfully 24134
INFO:root:Agency Title: Bovis Homes in Upper Heyford
INFO:root:New post Created: 24135
INFO:root:--------------------------------------------------------------------------------------------
INFO:root:Property images added successfully 24136
INFO:root:Agency Title: Bowbridge Homes
INFO:root:New post Created: 24137
INFO:root:--------------------------------------------------------------------------------------------
INFO:root:Image cell is empty, skipping...
INFO:root:Agency Title: BPC Land & New Homes
INFO:root:New post Created: 24138
INFO:root:--------------------------------------------------------------------------------------------
INFO:root:Image cell is empty, skipping...
INFO:root:Agency Title: Breckon & Breckon
INFO:root:New post Created: 24139
INFO:root:--------------------------------------------------------------------------------------------
WARNING:root:Image file Brown & Merry.png does not exist, skipping...
INFO:root:Agency Title: Brown & Merry
INFO:root:New post Created: 24140
INFO:root:--------------------------------------------------------------------------------------------
INFO:root:Property images added successfully 24141
INFO:root:Agency Title: Burchell Edwards
INFO:root:New post Created: 24142
INFO:root:--------------------------------------------------------------------------------------------
INFO:root:Property images added successfully 24143
INFO:root:Agency Title: Burchell Edwards in Elkesley
INFO:root:New post Created: 24144
INFO:root:--------------------------------------------------------------------------------------------
INFO:root:Property images added successfully 24145
INFO:root:Agency Title: Cala Homes
INFO:root:New post Created: 24146
INFO:root:--------------------------------------------------------------------------------------------
INFO:root:Image cell is empty, skipping...
INFO:root:Agency Title: Cameron Homes
INFO:root:New post Created: 24147
INFO:root:--------------------------------------------------------------------------------------------
INFO:root:Image cell is empty, skipping...
INFO:root:Agency Title: Cameron Homes in Breedon on the Hill
INFO:root:New post Created: 24148
INFO:root:--------------------------------------------------------------------------------------------
INFO:root:Image cell is empty, skipping...
INFO:root:Agency Title: Camrose London
INFO:root:New post Created: 24149
INFO:root:--------------------------------------------------------------------------------------------
INFO:root:Property images added successfully 24150
INFO:root:Agency Title: Cartwright Homes
INFO:root:New post Created: 24151
INFO:root:--------------------------------------------------------------------------------------------
INFO:root:Image cell is empty, skipping...
INFO:root:Agency Title: Castle Green Homes
INFO:root:New post Created: 24152
INFO:root:--------------------------------------------------------------------------------------------
INFO:root:Image cell is empty, skipping...
INFO:root:Agency Title: Catalyst
INFO:root:New post Created: 24153
INFO:root:--------------------------------------------------------------------------------------------
INFO:root:Property images added successfully 24154
INFO:root:Agency Title: Cavanna Homes
INFO:root:New post Created: 24155
INFO:root:--------------------------------------------------------------------------------------------
WARNING:root:Image file Central & Cecil.png does not exist, skipping...
INFO:root:Agency Title: Central & Cecil
INFO:root:New post Created: 24156
INFO:root:--------------------------------------------------------------------------------------------
INFO:root:Image cell is empty, skipping...
INFO:root:Agency Title: CG Fry & Son
INFO:root:New post Created: 24157
INFO:root:--------------------------------------------------------------------------------------------
INFO:root:Property images added successfully 24158
INFO:root:Agency Title: CHAP Homes
INFO:root:New post Created: 24159
INFO:root:--------------------------------------------------------------------------------------------
INFO:root:Property images added successfully 24160
INFO:root:Agency Title: Charles Church
INFO:root:New post Created: 24161
INFO:root:--------------------------------------------------------------------------------------------
INFO:root:Property images added successfully 24162
INFO:root:Agency Title: Charles Church in Yatton Keynell
INFO:root:New post Created: 24163
INFO:root:--------------------------------------------------------------------------------------------
INFO:root:Property images added successfully 24164
INFO:root:Agency Title: Chartford Homes
INFO:root:New post Created: 24165
INFO:root:--------------------------------------------------------------------------------------------
INFO:root:Property images added successfully 24166
INFO:root:Agency Title: Chestnut Homes
INFO:root:New post Created: 24167
INFO:root:--------------------------------------------------------------------------------------------
INFO:root:Image cell is empty, skipping...
INFO:root:Agency Title: CHP
INFO:root:New post Created: 24168
INFO:root:--------------------------------------------------------------------------------------------
WARNING:root:Image file City & Country.png does not exist, skipping...
INFO:root:Agency Title: City & Country
INFO:root:New post Created: 24169
INFO:root:--------------------------------------------------------------------------------------------
INFO:root:Property images added successfully 24170
INFO:root:Agency Title: Clarendon Homes
INFO:root:New post Created: 24171
INFO:root:--------------------------------------------------------------------------------------------
INFO:root:Property images added successfully 24172
INFO:root:Agency Title: Clarion Housing
INFO:root:New post Created: 24173
INFO:root:--------------------------------------------------------------------------------------------
WARNING:root:Image file Colliers International.png does not exist, skipping...
INFO:root:Agency Title: Colliers International
INFO:root:New post Created: 24174
INFO:root:--------------------------------------------------------------------------------------------
WARNING:root:Image file Colliers International in Bermondsey.png does not exist, skipping...
INFO:root:Agency Title: Colliers International in Bermondsey
INFO:root:New post Created: 24175
INFO:root:--------------------------------------------------------------------------------------------
WARNING:root:Image file Colliers International in London.png does not exist, skipping...
INFO:root:Agency Title: Colliers International in London
INFO:root:New post Created: 24176
INFO:root:--------------------------------------------------------------------------------------------
INFO:root:Property images added successfully 24177
INFO:root:Agency Title: Coln Signature Homes
INFO:root:New post Created: 24178
INFO:root:--------------------------------------------------------------------------------------------
INFO:root:Property images added successfully 24179
INFO:root:Agency Title: Connells
INFO:root:New post Created: 24180
INFO:root:--------------------------------------------------------------------------------------------
INFO:root:Image cell is empty, skipping...
INFO:root:Agency Title: Cora
INFO:root:New post Created: 24181
INFO:root:--------------------------------------------------------------------------------------------
INFO:root:Property images added successfully 24182
INFO:root:Agency Title: Cordia Blackswan
INFO:root:New post Created: 24183
INFO:root:--------------------------------------------------------------------------------------------
INFO:root:Property images added successfully 24184
INFO:root:Agency Title: Countryside Properties
INFO:root:New post Created: 24185
INFO:root:--------------------------------------------------------------------------------------------
INFO:root:Image cell is empty, skipping...
INFO:root:Agency Title: Countryside Properties in Maidstone
INFO:root:New post Created: 24186
INFO:root:--------------------------------------------------------------------------------------------
INFO:root:Image cell is empty, skipping...
INFO:root:Agency Title: Court Living
INFO:root:New post Created: 24187
INFO:root:--------------------------------------------------------------------------------------------
INFO:root:Property images added successfully 24188
INFO:root:Agency Title: Create Homes
INFO:root:New post Created: 24189
INFO:root:--------------------------------------------------------------------------------------------
INFO:root:Property images added successfully 24190
INFO:root:Agency Title: Crest Nicholson
INFO:root:New post Created: 24191
INFO:root:--------------------------------------------------------------------------------------------
INFO:root:Property images added successfully 24192
INFO:root:Agency Title: Crest Nicholson in Bicester
INFO:root:New post Created: 24193
INFO:root:--------------------------------------------------------------------------------------------
WARNING:root:Image file Cubitt & West.png does not exist, skipping...
INFO:root:Agency Title: Cubitt & West
INFO:root:New post Created: 24194
INFO:root:--------------------------------------------------------------------------------------------
INFO:root:Image cell is empty, skipping...
INFO:root:Agency Title: Cussins in Darlington
INFO:root:New post Created: 24195
INFO:root:--------------------------------------------------------------------------------------------
INFO:root:Property images added successfully 24196
INFO:root:Agency Title: Cussins in Longframlington
INFO:root:New post Created: 24197
INFO:root:--------------------------------------------------------------------------------------------
WARNING:root:Image file Cussins in Throckley.png does not exist, skipping...
INFO:root:Agency Title: Cussins in Throckley
INFO:root:New post Created: 24198
INFO:root:--------------------------------------------------------------------------------------------
INFO:root:Property images added successfully 24199
INFO:root:Agency Title: Dandara
INFO:root:New post Created: 24200
INFO:root:--------------------------------------------------------------------------------------------
WARNING:root:Image file David Wilson Homes.png does not exist, skipping...
INFO:root:Agency Title: David Wilson Homes
INFO:root:New post Created: 24201
INFO:root:--------------------------------------------------------------------------------------------
INFO:root:Property images added successfully 24202
INFO:root:Agency Title: Davidson Estates
INFO:root:New post Created: 24203
INFO:root:--------------------------------------------------------------------------------------------
INFO:root:Property images added successfully 24204
INFO:root:Agency Title: Davidsons Homes
INFO:root:New post Created: 24205
INFO:root:--------------------------------------------------------------------------------------------
INFO:root:Property images added successfully 24206
INFO:root:Agency Title: Davidsons Homes in Rushden
INFO:root:New post Created: 24207
INFO:root:--------------------------------------------------------------------------------------------
WARNING:root:Image file Deanfield Homes,png does not exist, skipping...
INFO:root:Agency Title: Deanfield Homes
INFO:root:New post Created: 24208
INFO:root:--------------------------------------------------------------------------------------------
WARNING:root:Image file Delph Property Group,png does not exist, skipping...
INFO:root:Agency Title: Delph Property Group
INFO:root:New post Created: 24209
INFO:root:--------------------------------------------------------------------------------------------
INFO:root:Property images added successfully 24210
INFO:root:Agency Title: Dominus New Homes
INFO:root:New post Created: 24211
INFO:root:--------------------------------------------------------------------------------------------
INFO:root:Property images added successfully 24212
INFO:root:Agency Title: Dorchester Living
INFO:root:New post Created: 24213
INFO:root:--------------------------------------------------------------------------------------------
WARNING:root:Image file Douglas Allen.png does not exist, skipping...
INFO:root:Agency Title: Douglas Allen
INFO:root:New post Created: 24214
INFO:root:--------------------------------------------------------------------------------------------
INFO:root:Property images added successfully 24215
INFO:root:Agency Title: Eccleston Homes
INFO:root:New post Created: 24216
INFO:root:--------------------------------------------------------------------------------------------
INFO:root:Property images added successfully 24217
INFO:root:Agency Title: Edgefold Homes
INFO:root:New post Created: 24218
INFO:root:--------------------------------------------------------------------------------------------
INFO:root:Property images added successfully 24219
INFO:root:Agency Title: Elan Homes
INFO:root:New post Created: 24220
INFO:root:--------------------------------------------------------------------------------------------
INFO:root:Property images added successfully 24221
INFO:root:Agency Title: Elevate Property Group
INFO:root:New post Created: 24222
INFO:root:--------------------------------------------------------------------------------------------
WARNING:root:Image file Elivia Homes.png does not exist, skipping...
INFO:root:Agency Title: Elivia Homes
INFO:root:New post Created: 24223
INFO:root:--------------------------------------------------------------------------------------------
INFO:root:Property images added successfully 24224
INFO:root:Agency Title: Entwistle Green
INFO:root:New post Created: 24225
INFO:root:--------------------------------------------------------------------------------------------
INFO:root:Property images added successfully 24226
INFO:root:Agency Title: Erris Homes
INFO:root:New post Created: 24227
INFO:root:--------------------------------------------------------------------------------------------
INFO:root:Property images added successfully 24228
INFO:root:Agency Title: Evans Homes
INFO:root:New post Created: 24229
INFO:root:--------------------------------------------------------------------------------------------
INFO:root:Image cell is empty, skipping...
INFO:root:Agency Title: Fabrica
INFO:root:New post Created: 24230
INFO:root:--------------------------------------------------------------------------------------------
INFO:root:Property images added successfully 24231
INFO:root:Agency Title: Fairview New Homes
INFO:root:New post Created: 24232
INFO:root:--------------------------------------------------------------------------------------------
WARNING:root:Image file Far East Consortium.png does not exist, skipping...
INFO:root:Agency Title: Far East Consortium
INFO:root:New post Created: 24233
INFO:root:--------------------------------------------------------------------------------------------
INFO:root:Property images added successfully 24234
INFO:root:Agency Title: Fenn Wright
INFO:root:New post Created: 24235
INFO:root:--------------------------------------------------------------------------------------------
INFO:root:Property images added successfully 24236
INFO:root:Agency Title: FHP Living
INFO:root:New post Created: 24237
INFO:root:--------------------------------------------------------------------------------------------
INFO:root:Property images added successfully 24238
INFO:root:Agency Title: FHP Living Waterside
INFO:root:New post Created: 24239
INFO:root:--------------------------------------------------------------------------------------------
INFO:root:Image cell is empty, skipping...
INFO:root:Agency Title: Fields in Bush
INFO:root:New post Created: 24240
INFO:root:--------------------------------------------------------------------------------------------
INFO:root:Image cell is empty, skipping...
INFO:root:Agency Title: Fields in Horncastle
INFO:root:New post Created: 24241
INFO:root:--------------------------------------------------------------------------------------------
WARNING:root:Image file Fox & Sons.png does not exist, skipping...
INFO:root:Agency Title: Fox & Sons
INFO:root:New post Created: 24242
INFO:root:--------------------------------------------------------------------------------------------
INFO:root:Property images added successfully 24243
INFO:root:Agency Title: Foxtons
INFO:root:New post Created: 24244
INFO:root:--------------------------------------------------------------------------------------------
WARNING:root:Image file Fraser & Co.png does not exist, skipping...
INFO:root:Agency Title: Fraser & Co
INFO:root:New post Created: 24245
INFO:root:--------------------------------------------------------------------------------------------
INFO:root:Property images added successfully 24246
INFO:root:Agency Title: Freeman Homes
INFO:root:New post Created: 24247
INFO:root:--------------------------------------------------------------------------------------------
INFO:root:Image cell is empty, skipping...
INFO:root:Agency Title: Gardens in Ash
INFO:root:New post Created: 24248
INFO:root:--------------------------------------------------------------------------------------------
INFO:root:Property images added successfully 24249
INFO:root:Agency Title: Gateway Housing
INFO:root:New post Created: 24250
INFO:root:--------------------------------------------------------------------------------------------
INFO:root:Property images added successfully 24251
INFO:root:Agency Title: Generator Group
INFO:root:New post Created: 24252
INFO:root:--------------------------------------------------------------------------------------------
INFO:root:Image cell is empty, skipping...
INFO:root:Agency Title: Gleeson
INFO:root:New post Created: 24253
INFO:root:--------------------------------------------------------------------------------------------
INFO:root:Image cell is empty, skipping...
INFO:root:Agency Title: Gleeson in Pegswood
INFO:root:New post Created: 24254
INFO:root:--------------------------------------------------------------------------------------------
INFO:root:Property images added successfully 24255
INFO:root:Agency Title: Gower Homes
INFO:root:New post Created: 24256
INFO:root:--------------------------------------------------------------------------------------------
INFO:root:Property images added successfully 24257
INFO:root:Agency Title: Grace Homes
INFO:root:New post Created: 24258
INFO:root:--------------------------------------------------------------------------------------------
INFO:root:Property images added successfully 24259
INFO:root:Agency Title: Grand Union Living
INFO:root:New post Created: 24260
INFO:root:--------------------------------------------------------------------------------------------
INFO:root:Property images added successfully 24261
INFO:root:Agency Title: Graven Hill
INFO:root:New post Created: 24262
INFO:root:--------------------------------------------------------------------------------------------
INFO:root:Property images added successfully 24263
INFO:root:Agency Title: GRE Assets
INFO:root:New post Created: 24264
INFO:root:--------------------------------------------------------------------------------------------
INFO:root:Property images added successfully 24265
INFO:root:Agency Title: Guinness Homes
INFO:root:New post Created: 24266
INFO:root:--------------------------------------------------------------------------------------------
INFO:root:Property images added successfully 24267
INFO:root:Agency Title: Guinness Homes in Emersons Green
INFO:root:New post Created: 24268
INFO:root:--------------------------------------------------------------------------------------------
WARNING:root:Image file Hall & Benson.png does not exist, skipping...
INFO:root:Agency Title: Hall & Benson
INFO:root:New post Created: 24269
INFO:root:--------------------------------------------------------------------------------------------
INFO:root:Image cell is empty, skipping...
INFO:root:Agency Title: Hamptons
INFO:root:New post Created: 24270
INFO:root:--------------------------------------------------------------------------------------------
INFO:root:Property images added successfully 24271
INFO:root:Agency Title: Harron Homes
INFO:root:New post Created: 24272
INFO:root:--------------------------------------------------------------------------------------------
INFO:root:Property images added successfully 24273
INFO:root:Agency Title: Hayfield
INFO:root:New post Created: 24274
INFO:root:--------------------------------------------------------------------------------------------
INFO:root:Image cell is empty, skipping...
INFO:root:Agency Title: Hector Godwin Homes
INFO:root:New post Created: 24275
INFO:root:--------------------------------------------------------------------------------------------
INFO:root:Image cell is empty, skipping...
INFO:root:Agency Title: Hector Godwin Homes in Alperton
INFO:root:New post Created: 24276
INFO:root:--------------------------------------------------------------------------------------------
INFO:root:Image cell is empty, skipping...
INFO:root:Agency Title: Hector Godwin Homes in Hendon
INFO:root:New post Created: 24277
INFO:root:--------------------------------------------------------------------------------------------
INFO:root:Image cell is empty, skipping...
INFO:root:Agency Title: Hector Godwin Homes in Hounslow
INFO:root:New post Created: 24278
INFO:root:--------------------------------------------------------------------------------------------
INFO:root:Image cell is empty, skipping...
INFO:root:Agency Title: Hector Godwin Homes in London
INFO:root:New post Created: 24279
INFO:root:--------------------------------------------------------------------------------------------
INFO:root:Image cell is empty, skipping...
INFO:root:Agency Title: Heylo Shared Ownership
INFO:root:New post Created: 24280
INFO:root:--------------------------------------------------------------------------------------------
INFO:root:Property images added successfully 24281
INFO:root:Agency Title: HJK Properties
INFO:root:New post Created: 24282
INFO:root:--------------------------------------------------------------------------------------------
INFO:root:Property images added successfully 24283
INFO:root:Agency Title: Hoburne Development
INFO:root:New post Created: 24284
INFO:root:--------------------------------------------------------------------------------------------
INFO:root:Property images added successfully 24285
INFO:root:Agency Title: Home Reach
INFO:root:New post Created: 24286
INFO:root:--------------------------------------------------------------------------------------------
INFO:root:Property images added successfully 24287
INFO:root:Agency Title: Home Reach in Barnsley
INFO:root:New post Created: 24288
INFO:root:--------------------------------------------------------------------------------------------
INFO:root:Property images added successfully 24289
INFO:root:Agency Title: Hopkins Homes in Blofield
INFO:root:New post Created: 24290
INFO:root:--------------------------------------------------------------------------------------------
INFO:root:Property images added successfully 24291
INFO:root:Agency Title: Hyde New Homes
INFO:root:New post Created: 24292
INFO:root:--------------------------------------------------------------------------------------------
INFO:root:Property images added successfully 24293
INFO:root:Agency Title: Jelson Homes
INFO:root:New post Created: 24294
INFO:root:--------------------------------------------------------------------------------------------
INFO:root:Property images added successfully 24295
INFO:root:Agency Title: JLL
INFO:root:New post Created: 24296
INFO:root:--------------------------------------------------------------------------------------------
INFO:root:Property images added successfully 24297
INFO:root:Agency Title: John Shepherd
INFO:root:New post Created: 24298
INFO:root:--------------------------------------------------------------------------------------------
WARNING:root:Image file JOHNS&CO.png does not exist, skipping...
INFO:root:Agency Title: JOHNS&CO
INFO:root:New post Created: 24299
INFO:root:--------------------------------------------------------------------------------------------
WARNING:root:Image file Jones Homes.png does not exist, skipping...
INFO:root:Agency Title: Jones Homes
INFO:root:New post Created: 24300
INFO:root:--------------------------------------------------------------------------------------------
INFO:root:Property images added successfully 24301
INFO:root:Agency Title: Kebbell Homes
INFO:root:New post Created: 24302
INFO:root:--------------------------------------------------------------------------------------------
INFO:root:Property images added successfully 24303
INFO:root:Agency Title: Keep Homes
INFO:root:New post Created: 24304
INFO:root:--------------------------------------------------------------------------------------------
INFO:root:Property images added successfully 24305
INFO:root:Agency Title: Keepmoat Homes
INFO:root:New post Created: 24306
INFO:root:--------------------------------------------------------------------------------------------
INFO:root:Property images added successfully 24307
INFO:root:Agency Title: Kellen Homes
INFO:root:New post Created: 24308
INFO:root:--------------------------------------------------------------------------------------------
INFO:root:Property images added successfully 24309
INFO:root:Agency Title: Kendrick Homes
INFO:root:New post Created: 24310
INFO:root:--------------------------------------------------------------------------------------------
INFO:root:Property images added successfully 24311
INFO:root:Agency Title: Kevin Henry
INFO:root:New post Created: 24312
INFO:root:--------------------------------------------------------------------------------------------
INFO:root:Property images added successfully 24313
INFO:root:Agency Title: Kier Property
INFO:root:New post Created: 24314
INFO:root:--------------------------------------------------------------------------------------------
WARNING:root:Image file Kinleigh Folkard & Hayward.png does not exist, skipping...
INFO:root:Agency Title: Kinleigh Folkard & Hayward
INFO:root:New post Created: 24315
INFO:root:--------------------------------------------------------------------------------------------
INFO:root:Property images added successfully 24316
INFO:root:Agency Title: Knight Frank
INFO:root:New post Created: 24317
INFO:root:--------------------------------------------------------------------------------------------
WARNING:root:Image file L&Q.png does not exist, skipping...
INFO:root:Agency Title: L&Q
INFO:root:New post Created: 24318
INFO:root:--------------------------------------------------------------------------------------------
WARNING:root:Image file L&Q in Stratford-upon-Avon.png does not exist, skipping...
INFO:root:Agency Title: L&Q in Stratford-upon-Avon
INFO:root:New post Created: 24319
INFO:root:--------------------------------------------------------------------------------------------
INFO:root:Property images added successfully 24320
INFO:root:Agency Title: Lagan Homes
INFO:root:New post Created: 24321
INFO:root:--------------------------------------------------------------------------------------------
INFO:root:Property images added successfully 24322
INFO:root:Agency Title: Lancet Homes
INFO:root:New post Created: 24323
INFO:root:--------------------------------------------------------------------------------------------
INFO:root:Property images added successfully 24324
INFO:root:Agency Title: Latimer Homes
INFO:root:New post Created: 24325
INFO:root:--------------------------------------------------------------------------------------------
INFO:root:Property images added successfully 24326
INFO:root:Agency Title: Latimer Homes in Dagenham
INFO:root:New post Created: 24327
INFO:root:--------------------------------------------------------------------------------------------
INFO:root:Property images added successfully 24328
INFO:root:Agency Title: Laurus Homes
INFO:root:New post Created: 24329
INFO:root:--------------------------------------------------------------------------------------------
INFO:root:Property images added successfully 24330
INFO:root:Agency Title: Leaders
INFO:root:New post Created: 24331
INFO:root:--------------------------------------------------------------------------------------------
INFO:root:Property images added successfully 24332
INFO:root:Agency Title: Leaders Shared Ownership
INFO:root:New post Created: 24333
INFO:root:--------------------------------------------------------------------------------------------
WARNING:root:Image file Legal & General Affordable Homes.png does not exist, skipping...
INFO:root:Agency Title: Legal & General Affordable Homes
INFO:root:New post Created: 24334
INFO:root:--------------------------------------------------------------------------------------------
WARNING:root:Image file Legal & General Affordable Homes in Thornton.png does not exist, skipping...
INFO:root:Agency Title: Legal & General Affordable Homes in Thornton
INFO:root:New post Created: 24335
INFO:root:--------------------------------------------------------------------------------------------
WARNING:root:Image file Legal & General Homes.png does not exist, skipping...
INFO:root:Agency Title: Legal & General Homes
INFO:root:New post Created: 24336
INFO:root:--------------------------------------------------------------------------------------------
INFO:root:Property images added successfully 24337
INFO:root:Agency Title: Lewisham Homes
INFO:root:New post Created: 24338
INFO:root:--------------------------------------------------------------------------------------------
INFO:root:Property images added successfully 24339
INFO:root:Agency Title: Linden Homes
INFO:root:New post Created: 24340
INFO:root:--------------------------------------------------------------------------------------------
INFO:root:Property images added successfully 24341
INFO:root:Agency Title: Linden Homes in Hoghton
INFO:root:New post Created: 24342
INFO:root:--------------------------------------------------------------------------------------------
INFO:root:Property images added successfully 24343
INFO:root:Agency Title: Lioncourt Homes
INFO:root:New post Created: 24344
INFO:root:--------------------------------------------------------------------------------------------
INFO:root:Property images added successfully 24345
INFO:root:Agency Title: Llanmoor Homes
INFO:root:New post Created: 24346
INFO:root:--------------------------------------------------------------------------------------------
INFO:root:Property images added successfully 24347
INFO:root:Agency Title: Londonist Investments
INFO:root:New post Created: 24348
INFO:root:--------------------------------------------------------------------------------------------
INFO:root:Property images added successfully 24349
INFO:root:Agency Title: Londonist Investments in Stratford
INFO:root:New post Created: 24350
INFO:root:--------------------------------------------------------------------------------------------
INFO:root:Property images added successfully 24351
INFO:root:Agency Title: Love Living Homes
INFO:root:New post Created: 24352
INFO:root:--------------------------------------------------------------------------------------------
INFO:root:Property images added successfully 24353
INFO:root:Agency Title: Lovell Homes
INFO:root:New post Created: 24354
INFO:root:--------------------------------------------------------------------------------------------
INFO:root:Property images added successfully 24355
INFO:root:Agency Title: Mackenzie Smith
INFO:root:New post Created: 24356
INFO:root:--------------------------------------------------------------------------------------------
INFO:root:Property images added successfully 24357
INFO:root:Agency Title: Mandale Homes
INFO:root:New post Created: 24358
INFO:root:--------------------------------------------------------------------------------------------
INFO:root:Image cell is empty, skipping...
INFO:root:Agency Title: Manor in Fris
INFO:root:New post Created: 24359
INFO:root:--------------------------------------------------------------------------------------------
INFO:root:Property images added successfully 24360
INFO:root:Agency Title: Manorgrove Homes
INFO:root:New post Created: 24361
INFO:root:--------------------------------------------------------------------------------------------
WARNING:root:Image file Marsh & Parsons.png does not exist, skipping...
INFO:root:Agency Title: Marsh & Parsons
INFO:root:New post Created: 24362
INFO:root:--------------------------------------------------------------------------------------------
INFO:root:Property images added successfully 24363
INFO:root:Agency Title: Matthew Homes
INFO:root:New post Created: 24364
INFO:root:--------------------------------------------------------------------------------------------
INFO:root:Property images added successfully 24365
INFO:root:Agency Title: Medway Development Company
INFO:root:New post Created: 24366
INFO:root:--------------------------------------------------------------------------------------------
INFO:root:Property images added successfully 24367
INFO:root:Agency Title: Merchant Homes
INFO:root:New post Created: 24368
INFO:root:--------------------------------------------------------------------------------------------
INFO:root:Property images added successfully 24369
INFO:root:Agency Title: Mews in London
INFO:root:New post Created: 24370
INFO:root:--------------------------------------------------------------------------------------------
WARNING:root:Image file Midland Heart Housing Assoc.png does not exist, skipping...
INFO:root:Agency Title: Midland Heart Housing Assoc.
INFO:root:New post Created: 24371
INFO:root:--------------------------------------------------------------------------------------------
INFO:root:Property images added successfully 24372
INFO:root:Agency Title: Midland Heart Housing Assoc. in Leicester
INFO:root:New post Created: 24373
INFO:root:--------------------------------------------------------------------------------------------
INFO:root:Property images added successfully 24374
INFO:root:Agency Title: Miller Homes
INFO:root:New post Created: 24375
INFO:root:--------------------------------------------------------------------------------------------
INFO:root:Property images added successfully 24376
INFO:root:Agency Title: Moat Homes
INFO:root:New post Created: 24377
INFO:root:--------------------------------------------------------------------------------------------
INFO:root:Image cell is empty, skipping...
INFO:root:Agency Title: MorfittSmith
INFO:root:New post Created: 24378
INFO:root:--------------------------------------------------------------------------------------------
INFO:root:Property images added successfully 24379
INFO:root:Agency Title: Morris Homes
INFO:root:New post Created: 24380
INFO:root:--------------------------------------------------------------------------------------------
INFO:root:Property images added successfully 24381
INFO:root:Agency Title: Muir Homes
INFO:root:New post Created: 24382
INFO:root:--------------------------------------------------------------------------------------------
INFO:root:Property images added successfully 24383
INFO:root:Agency Title: Mulberry Homes
INFO:root:New post Created: 24384
INFO:root:--------------------------------------------------------------------------------------------
INFO:root:Image cell is empty, skipping...
INFO:root:Agency Title: Muse Developments
INFO:root:New post Created: 24385
INFO:root:--------------------------------------------------------------------------------------------
INFO:root:Image cell is empty, skipping...
INFO:root:Agency Title: Muxloe
INFO:root:New post Created: 24386
INFO:root:--------------------------------------------------------------------------------------------
INFO:root:Property images added successfully 24387
INFO:root:Agency Title: MYTY Homes
INFO:root:New post Created: 24388
INFO:root:--------------------------------------------------------------------------------------------
INFO:root:Property images added successfully 24389
INFO:root:Agency Title: Network Homes
INFO:root:New post Created: 24390
INFO:root:--------------------------------------------------------------------------------------------
INFO:root:Property images added successfully 24391
INFO:root:Agency Title: Newett Homes
INFO:root:New post Created: 24392
INFO:root:--------------------------------------------------------------------------------------------
INFO:root:Property images added successfully 24393
INFO:root:Agency Title: Newland Homes
INFO:root:New post Created: 24394
INFO:root:--------------------------------------------------------------------------------------------
INFO:root:Property images added successfully 24395
INFO:root:Agency Title: Noble Homes
INFO:root:New post Created: 24396
INFO:root:--------------------------------------------------------------------------------------------
INFO:root:Property images added successfully 24397
INFO:root:Agency Title: North Bar Homes
INFO:root:New post Created: 24398
INFO:root:--------------------------------------------------------------------------------------------
INFO:root:Property images added successfully 24399
INFO:root:Agency Title: North Property Group
INFO:root:New post Created: 24400
INFO:root:--------------------------------------------------------------------------------------------
INFO:root:Property images added successfully 24401
INFO:root:Agency Title: Notting Hill Genesis
INFO:root:New post Created: 24402
INFO:root:--------------------------------------------------------------------------------------------
INFO:root:Property images added successfully 24403
INFO:root:Agency Title: Ogilvie Homes
INFO:root:New post Created: 24404
INFO:root:--------------------------------------------------------------------------------------------
INFO:root:Property images added successfully 24405
INFO:root:Agency Title: One Housing
INFO:root:New post Created: 24406
INFO:root:--------------------------------------------------------------------------------------------
INFO:root:Property images added successfully 24407
INFO:root:Agency Title: Optivo
INFO:root:New post Created: 24408
INFO:root:--------------------------------------------------------------------------------------------
INFO:root:Image cell is empty, skipping...
INFO:root:Agency Title: Orbit Homes
INFO:root:New post Created: 24409
INFO:root:--------------------------------------------------------------------------------------------
INFO:root:Property images added successfully 24410
INFO:root:Agency Title: Orbit Homes in Shipston on Stour
INFO:root:New post Created: 24411
INFO:root:--------------------------------------------------------------------------------------------
INFO:root:Property images added successfully 24412
INFO:root:Agency Title: Origin Housing
INFO:root:New post Created: 24413
INFO:root:--------------------------------------------------------------------------------------------
INFO:root:Property images added successfully 24414
INFO:root:Agency Title: Owl Homes
INFO:root:New post Created: 24415
INFO:root:--------------------------------------------------------------------------------------------
INFO:root:Property images added successfully 24416
INFO:root:Agency Title: PA Housing
INFO:root:New post Created: 24417
INFO:root:--------------------------------------------------------------------------------------------
INFO:root:Image cell is empty, skipping...
INFO:root:Agency Title: Park in Anla
INFO:root:New post Created: 24418
INFO:root:--------------------------------------------------------------------------------------------
INFO:root:Image cell is empty, skipping...
INFO:root:Agency Title: Park in Lichfield
INFO:root:New post Created: 24419
INFO:root:--------------------------------------------------------------------------------------------
INFO:root:Image cell is empty, skipping...
INFO:root:Agency Title: Park in Waverley
INFO:root:New post Created: 24420
INFO:root:--------------------------------------------------------------------------------------------
INFO:root:Image cell is empty, skipping...
INFO:root:Agency Title: Peabody
INFO:root:New post Created: 24421
INFO:root:--------------------------------------------------------------------------------------------
INFO:root:Property images added successfully 24422
INFO:root:Agency Title: Pennyfarthing Homes
INFO:root:New post Created: 24423
INFO:root:--------------------------------------------------------------------------------------------
INFO:root:Property images added successfully 24424
INFO:root:Agency Title: Persimmon Homes
INFO:root:New post Created: 24425
INFO:root:--------------------------------------------------------------------------------------------
INFO:root:Property images added successfully 24426
INFO:root:Agency Title: Persimmon Homes in Banbury
INFO:root:New post Created: 24427
INFO:root:--------------------------------------------------------------------------------------------
INFO:root:Property images added successfully 24428
INFO:root:Agency Title: Persimmon Homes in Carluke
INFO:root:New post Created: 24429
INFO:root:--------------------------------------------------------------------------------------------
INFO:root:Property images added successfully 24430
INFO:root:Agency Title: Persimmon Homes in Chellaston
INFO:root:New post Created: 24431
INFO:root:--------------------------------------------------------------------------------------------
INFO:root:Property images added successfully 24432
INFO:root:Agency Title: Persimmon Homes in Cranbrook
INFO:root:New post Created: 24433
INFO:root:--------------------------------------------------------------------------------------------
INFO:root:Property images added successfully 24434
INFO:root:Agency Title: Persimmon Homes in Wellesbourne
INFO:root:New post Created: 24435
INFO:root:--------------------------------------------------------------------------------------------
INFO:root:Property images added successfully 24436
INFO:root:Agency Title: Persimmon Homes in Whittlesey
INFO:root:New post Created: 24437
INFO:root:--------------------------------------------------------------------------------------------
INFO:root:Property images added successfully 24438
INFO:root:Agency Title: Persona Homes
INFO:root:New post Created: 24439
INFO:root:--------------------------------------------------------------------------------------------
INFO:root:Property images added successfully 24440
INFO:root:Agency Title: Peveril Homes
INFO:root:New post Created: 24441
INFO:root:--------------------------------------------------------------------------------------------
INFO:root:Property images added successfully 24442
INFO:root:Agency Title: Places for People
INFO:root:New post Created: 24443
INFO:root:--------------------------------------------------------------------------------------------
INFO:root:Property images added successfully 24444
INFO:root:Agency Title: Pocket Living
INFO:root:New post Created: 24445
INFO:root:--------------------------------------------------------------------------------------------
INFO:root:Property images added successfully 24446
INFO:root:Agency Title: Prospect Homes
INFO:root:New post Created: 24447
INFO:root:--------------------------------------------------------------------------------------------
INFO:root:Property images added successfully 24448
INFO:root:Agency Title: Red Loft
INFO:root:New post Created: 24449
INFO:root:--------------------------------------------------------------------------------------------
INFO:root:Image cell is empty, skipping...
INFO:root:Agency Title: Related Argent
INFO:root:New post Created: 24450
INFO:root:--------------------------------------------------------------------------------------------
INFO:root:Property images added successfully 24451
INFO:root:Agency Title: Rippon Homes
INFO:root:New post Created: 24452
INFO:root:--------------------------------------------------------------------------------------------
INFO:root:Image cell is empty, skipping...
INFO:root:Agency Title: Ris
INFO:root:New post Created: 24453
INFO:root:--------------------------------------------------------------------------------------------
INFO:root:Property images added successfully 24454
INFO:root:Agency Title: Riverdale Developments
INFO:root:New post Created: 24455
INFO:root:--------------------------------------------------------------------------------------------
INFO:root:Property images added successfully 24456
INFO:root:Agency Title: Riverside Home Ownership
INFO:root:New post Created: 24457
INFO:root:--------------------------------------------------------------------------------------------
WARNING:root:Image file Roger Platt.png does not exist, skipping...
INFO:root:Agency Title: Roger Platt
INFO:root:New post Created: 24458
INFO:root:--------------------------------------------------------------------------------------------
INFO:root:Property images added successfully 24459
INFO:root:Agency Title: Rolfe East
INFO:root:New post Created: 24460
INFO:root:--------------------------------------------------------------------------------------------
INFO:root:Property images added successfully 24461
INFO:root:Agency Title: Romans
INFO:root:New post Created: 24462
INFO:root:--------------------------------------------------------------------------------------------
INFO:root:Property images added successfully 24463
INFO:root:Agency Title: Romans Shared Ownership
INFO:root:New post Created: 24464
INFO:root:--------------------------------------------------------------------------------------------
INFO:root:Property images added successfully 24465
INFO:root:Agency Title: Rooftop Housing Group
INFO:root:New post Created: 24466
INFO:root:--------------------------------------------------------------------------------------------
INFO:root:Property images added successfully 24467
INFO:root:Agency Title: Rosechurch Homes
INFO:root:New post Created: 24468
INFO:root:--------------------------------------------------------------------------------------------
INFO:root:Property images added successfully 24469
INFO:root:Agency Title: Rowland Homes
INFO:root:New post Created: 24470
INFO:root:--------------------------------------------------------------------------------------------
WARNING:root:Image file Russell Homes.png does not exist, skipping...
INFO:root:Agency Title: Russell Homes
INFO:root:New post Created: 24471
INFO:root:--------------------------------------------------------------------------------------------
INFO:root:Property images added successfully 24472
INFO:root:Agency Title: RWinvest
INFO:root:New post Created: 24473
INFO:root:--------------------------------------------------------------------------------------------
INFO:root:Property images added successfully 24474
INFO:root:Agency Title: RWinvest in Birmingham
INFO:root:New post Created: 24475
INFO:root:--------------------------------------------------------------------------------------------
INFO:root:Property images added successfully 24476
INFO:root:Agency Title: Sage Homes
INFO:root:New post Created: 24477
INFO:root:--------------------------------------------------------------------------------------------
INFO:root:Property images added successfully 24478
INFO:root:Agency Title: Sanctuary New Homes
INFO:root:New post Created: 24479
INFO:root:--------------------------------------------------------------------------------------------
INFO:root:Property images added successfully 24480
INFO:root:Agency Title: Satchells
INFO:root:New post Created: 24481
INFO:root:--------------------------------------------------------------------------------------------
INFO:root:Property images added successfully 24482
INFO:root:Agency Title: Savills
INFO:root:New post Created: 24483
INFO:root:--------------------------------------------------------------------------------------------
INFO:root:Image cell is empty, skipping...
INFO:root:Agency Title: Sea
INFO:root:New post Created: 24484
INFO:root:--------------------------------------------------------------------------------------------
INFO:root:Property images added successfully 24485
INFO:root:Agency Title: SG Estates
INFO:root:New post Created: 24486
INFO:root:--------------------------------------------------------------------------------------------
INFO:root:Property images added successfully 24487
INFO:root:Agency Title: Shanly Homes
INFO:root:New post Created: 24488
INFO:root:--------------------------------------------------------------------------------------------
INFO:root:Property images added successfully 24489
INFO:root:Agency Title: Sharman Quinney
INFO:root:New post Created: 24490
INFO:root:--------------------------------------------------------------------------------------------
INFO:root:Property images added successfully 24491
INFO:root:Agency Title: Shelbourne Estates
INFO:root:New post Created: 24492
INFO:root:--------------------------------------------------------------------------------------------
INFO:root:Property images added successfully 24493
INFO:root:Agency Title: Shipways
INFO:root:New post Created: 24494
INFO:root:--------------------------------------------------------------------------------------------
INFO:root:Property images added successfully 24495
INFO:root:Agency Title: Shropshire Homes
INFO:root:New post Created: 24496
INFO:root:--------------------------------------------------------------------------------------------
INFO:root:Property images added successfully 24497
INFO:root:Agency Title: Sinclair Hammelton
INFO:root:New post Created: 24498
INFO:root:--------------------------------------------------------------------------------------------
INFO:root:Property images added successfully 24499
INFO:root:Agency Title: SiteSales
INFO:root:New post Created: 24500
INFO:root:--------------------------------------------------------------------------------------------
INFO:root:Property images added successfully 24501
INFO:root:Agency Title: SO Resi
INFO:root:New post Created: 24502
INFO:root:--------------------------------------------------------------------------------------------
INFO:root:Property images added successfully 24503
INFO:root:Agency Title: Southern Home Ownership (now Southern Housing)
INFO:root:New post Created: 24504
INFO:root:--------------------------------------------------------------------------------------------
INFO:root:Property images added successfully 24505
INFO:root:Agency Title: Southern Space (now Southern Housing)
INFO:root:New post Created: 24506
INFO:root:--------------------------------------------------------------------------------------------
INFO:root:Image cell is empty, skipping...
INFO:root:Agency Title: Sovereign
INFO:root:New post Created: 24507
INFO:root:--------------------------------------------------------------------------------------------
INFO:root:Image cell is empty, skipping...
INFO:root:Agency Title: Spinney in Brooks
INFO:root:New post Created: 24508
INFO:root:--------------------------------------------------------------------------------------------
INFO:root:Property images added successfully 24509
INFO:root:Agency Title: Spitfire Homes
INFO:root:New post Created: 24510
INFO:root:--------------------------------------------------------------------------------------------
INFO:root:Image cell is empty, skipping...
INFO:root:Agency Title: Square Roots
INFO:root:New post Created: 24511
INFO:root:--------------------------------------------------------------------------------------------
INFO:root:Image cell is empty, skipping...
INFO:root:Agency Title: Square Shared Ownership in Bermondsey
INFO:root:New post Created: 24512
INFO:root:--------------------------------------------------------------------------------------------
INFO:root:Image cell is empty, skipping...
INFO:root:Agency Title: St Edward
INFO:root:New post Created: 24513
INFO:root:--------------------------------------------------------------------------------------------
INFO:root:Image cell is empty, skipping...
INFO:root:Agency Title: St George
INFO:root:New post Created: 24514
INFO:root:--------------------------------------------------------------------------------------------
INFO:root:Image cell is empty, skipping...
INFO:root:Agency Title: St Joseph Homes
INFO:root:New post Created: 24515
INFO:root:--------------------------------------------------------------------------------------------
INFO:root:Property images added successfully 24516
INFO:root:Agency Title: St Modwen Homes
INFO:root:New post Created: 24517
INFO:root:--------------------------------------------------------------------------------------------
INFO:root:Image cell is empty, skipping...
INFO:root:Agency Title: St William
INFO:root:New post Created: 24518
INFO:root:--------------------------------------------------------------------------------------------
INFO:root:Image cell is empty, skipping...
INFO:root:Agency Title: Stephen
INFO:root:New post Created: 24519
INFO:root:--------------------------------------------------------------------------------------------
INFO:root:Property images added successfully 24520
INFO:root:Agency Title: Stewart Milne Homes
INFO:root:New post Created: 24521
INFO:root:--------------------------------------------------------------------------------------------
INFO:root:Property images added successfully 24522
INFO:root:Agency Title: Stonewater Homes
INFO:root:New post Created: 24523
INFO:root:--------------------------------------------------------------------------------------------
INFO:root:Property images added successfully 24524
INFO:root:Agency Title: Story Homes
INFO:root:New post Created: 24525
INFO:root:--------------------------------------------------------------------------------------------
INFO:root:Property images added successfully 24526
INFO:root:Agency Title: Strata Homes
INFO:root:New post Created: 24527
INFO:root:--------------------------------------------------------------------------------------------
INFO:root:Property images added successfully 24528
INFO:root:Agency Title: Stratfield Homes
INFO:root:New post Created: 24529
INFO:root:--------------------------------------------------------------------------------------------
INFO:root:Property images added successfully 24530
INFO:root:Agency Title: Strawberry Star Homes
INFO:root:New post Created: 24531
INFO:root:--------------------------------------------------------------------------------------------
WARNING:root:Image file Strutt & Parker Estate Agents.png does not exist, skipping...
INFO:root:Agency Title: Strutt & Parker Estate Agents
INFO:root:New post Created: 24532
INFO:root:--------------------------------------------------------------------------------------------
INFO:root:Property images added successfully 24533
INFO:root:Agency Title: Summerfield Homes
INFO:root:New post Created: 24534
INFO:root:--------------------------------------------------------------------------------------------
INFO:root:Property images added successfully 24535
INFO:root:Agency Title: Sunningdale House Developments
INFO:root:New post Created: 24536
INFO:root:--------------------------------------------------------------------------------------------
INFO:root:Property images added successfully 24537
INFO:root:Agency Title: Taggart Homes
INFO:root:New post Created: 24538
INFO:root:--------------------------------------------------------------------------------------------
INFO:root:Property images added successfully 24539
INFO:root:Agency Title: Tantallon Homes
INFO:root:New post Created: 24540
INFO:root:--------------------------------------------------------------------------------------------
INFO:root:Property images added successfully 24541
INFO:root:Agency Title: Taylor Wimpey
INFO:root:New post Created: 24542
INFO:root:--------------------------------------------------------------------------------------------
INFO:root:Property images added successfully 24543
INFO:root:Agency Title: Telford Homes
INFO:root:New post Created: 24544
INFO:root:--------------------------------------------------------------------------------------------
INFO:root:Property images added successfully 24545
INFO:root:Agency Title: The Hill Group
INFO:root:New post Created: 24546
INFO:root:--------------------------------------------------------------------------------------------
INFO:root:Image cell is empty, skipping...
INFO:root:Agency Title: the Park in Littlehampton
INFO:root:New post Created: 24547
INFO:root:--------------------------------------------------------------------------------------------
INFO:root:Property images added successfully 24548
INFO:root:Agency Title: The Wilkinson Partnership
INFO:root:New post Created: 24549
INFO:root:--------------------------------------------------------------------------------------------
INFO:root:Property images added successfully 24550
INFO:root:Agency Title: Thirteen Group
INFO:root:New post Created: 24551
INFO:root:--------------------------------------------------------------------------------------------
INFO:root:Property images added successfully 24552
INFO:root:Agency Title: Tilia Homes
INFO:root:New post Created: 24553
INFO:root:--------------------------------------------------------------------------------------------
INFO:root:Property images added successfully 24554
INFO:root:Agency Title: TK Property Group
INFO:root:New post Created: 24555
INFO:root:--------------------------------------------------------------------------------------------
INFO:root:Property images added successfully 24556
INFO:root:Agency Title: Torus Homes
INFO:root:New post Created: 24557
INFO:root:--------------------------------------------------------------------------------------------
INFO:root:Property images added successfully 24558
INFO:root:Agency Title: Tulloch Homes
INFO:root:New post Created: 24559
INFO:root:--------------------------------------------------------------------------------------------
INFO:root:Image cell is empty, skipping...
INFO:root:Agency Title: Urbanwise
INFO:root:New post Created: 24560
INFO:root:--------------------------------------------------------------------------------------------
INFO:root:Image cell is empty, skipping...
INFO:root:Agency Title: Vale in Edwinstowe
INFO:root:New post Created: 24561
INFO:root:--------------------------------------------------------------------------------------------
INFO:root:Image cell is empty, skipping...
INFO:root:Agency Title: View in Carlisle
INFO:root:New post Created: 24562
INFO:root:--------------------------------------------------------------------------------------------
INFO:root:Property images added successfully 24563
INFO:root:Agency Title: Vistry Ventures
INFO:root:New post Created: 24564
INFO:root:--------------------------------------------------------------------------------------------
INFO:root:Property images added successfully 24565
INFO:root:Agency Title: VIVID
INFO:root:New post Created: 24566
INFO:root:--------------------------------------------------------------------------------------------
INFO:root:Property images added successfully 24567
INFO:root:Agency Title: Wain Homes
INFO:root:New post Created: 24568
INFO:root:--------------------------------------------------------------------------------------------
INFO:root:Property images added successfully 24569
INFO:root:Agency Title: Walton Homes
INFO:root:New post Created: 24570
INFO:root:--------------------------------------------------------------------------------------------
INFO:root:Property images added successfully 24571
INFO:root:Agency Title: Wards of Kent
INFO:root:New post Created: 24572
INFO:root:--------------------------------------------------------------------------------------------
INFO:root:Property images added successfully 24573
INFO:root:Agency Title: Wavensmere Homes
INFO:root:New post Created: 24574
INFO:root:--------------------------------------------------------------------------------------------
INFO:root:Image cell is empty, skipping...
INFO:root:Agency Title: Wedgewood Homes
INFO:root:New post Created: 24575
INFO:root:--------------------------------------------------------------------------------------------
INFO:root:Image cell is empty, skipping...
INFO:root:Agency Title: Weston Homes
INFO:root:New post Created: 24576
INFO:root:--------------------------------------------------------------------------------------------
INFO:root:Image cell is empty, skipping...
INFO:root:Agency Title: William Davis Homes
INFO:root:New post Created: 24577
INFO:root:--------------------------------------------------------------------------------------------
INFO:root:Image cell is empty, skipping...
INFO:root:Agency Title: William H Brown
INFO:root:New post Created: 24578
INFO:root:--------------------------------------------------------------------------------------------
INFO:root:Property images added successfully 24579
INFO:root:Agency Title: Woodall Homes
INFO:root:New post Created: 24580
INFO:root:--------------------------------------------------------------------------------------------
WARNING:root:Image file Your Housing Group.png does not exist, skipping...
INFO:root:Agency Title: Your Housing Group
INFO:root:New post Created: 24581
INFO:root:--------------------------------------------------------------------------------------------
INFO:root:Property images added successfully 24582
INFO:root:Agency Title: Persimmon Homes
INFO:root:New post Created: 24583
INFO:root:--------------------------------------------------------------------------------------------
INFO:root:Property images added successfully 24584
INFO:root:Agency Title: Avant Homes
INFO:root:New post Created: 24585
INFO:root:--------------------------------------------------------------------------------------------
INFO:root:Property images added successfully 24586
INFO:root:Agency Title: Auxesia Homes
INFO:root:New post Created: 24587
INFO:root:--------------------------------------------------------------------------------------------
INFO:root:Property images added successfully 24588
INFO:root:Agency Title: Persimmon Homes
INFO:root:New post Created: 24589
INFO:root:--------------------------------------------------------------------------------------------
INFO:root:Property images added successfully 24590
INFO:root:Agency Title: Miller Homes
INFO:root:New post Created: 24591
INFO:root:--------------------------------------------------------------------------------------------
INFO:root:Property images added successfully 24592
INFO:root:Agency Title: Miller Homes
INFO:root:New post Created: 24593
INFO:root:--------------------------------------------------------------------------------------------
INFO:root:Property images added successfully 24594
INFO:root:Agency Title: Tilia Homes
INFO:root:New post Created: 24595
INFO:root:--------------------------------------------------------------------------------------------
INFO:root:Property images added successfully 24596
INFO:root:Agency Title: Wavensmere Homes
INFO:root:New post Created: 24597
INFO:root:--------------------------------------------------------------------------------------------
INFO:root:Property images added successfully 24598
INFO:root:Agency Title: Persimmon Homes
INFO:root:New post Created: 24599
INFO:root:--------------------------------------------------------------------------------------------
