INFO:root:Property City: Aberdeen
INFO:root:City already existed: 94
INFO:root:Property Area:  Aberdeenshire
INFO:root:area already existed: 1510
INFO:root:Property Type: 3 & 4 bedroom houses

INFO:root:Property type already existed: 1511
INFO:root:Property Title: Chap at Countesswells in Aberdeen by CHAP Homes
INFO:root:New post Created: 23888
INFO:root:Post URL: https://newbuildhomes.org/wp-admin/post.php?post=23888&action=edit
INFO:root:--------------------------------------------------------------------------------------------
INFO:root:Property City: Aberdeen
INFO:root:City already existed: 94
INFO:root:Property Area:  Aberdeenshire
INFO:root:area already existed: 1510
INFO:root:Property Type: 4 bedroom properties

INFO:root:Property type already existed: 1512
INFO:root:Property Title: David Wilson @ Countesswells in Aberdeen by David Wilson Homes
INFO:root:New post Created: 23889
INFO:root:Post URL: https://newbuildhomes.org/wp-admin/post.php?post=23889&action=edit
INFO:root:--------------------------------------------------------------------------------------------
