INFO:root:Property Title: Chap at Countesswells 
INFO:root:Property City: Aberdeen
INFO:root:City already existed: 94
INFO:root:Property Area:  Aberdeenshire
INFO:root:area already existed: 1510
INFO:root:Property Type: 3 & 4 Bed House
INFO:root:Property type already existed: 1548
INFO:root:Property type already existed: 1550
INFO:root:Property type already existed: 1551
INFO:root:Property images added successfully 25412
INFO:root:New post Created: 25413
INFO:root:Post URL: https://newbuildhomes.org/wp-json/wp/v2/properties
INFO:root:-----------------------------------------------------------------------------------
INFO:root:Property Title: David Wilson @ Countesswells 
INFO:root:Property City: Aberdeen
INFO:root:City already existed: 94
INFO:root:Property Area:  Aberdeenshire
INFO:root:area already existed: 1510
INFO:root:Property Type: 4 Bed House
INFO:root:Property type already existed: 1548
INFO:root:Property type already existed: 1551
INFO:root:Property images added successfully 25414
INFO:root:New post Created: 25415
INFO:root:Post URL: https://newbuildhomes.org/wp-json/wp/v2/properties
INFO:root:-----------------------------------------------------------------------------------
INFO:root:Property Title: Hazelwood 
INFO:root:Property City: Aberdeen
INFO:root:City already existed: 94
INFO:root:Property Area:  Aberdeenshire
INFO:root:area already existed: 1510
INFO:root:Property Type: 2, 3, 4 & 5 Bed House
INFO:root:Property type already existed: 1548
INFO:root:Property type already existed: 1552
INFO:root:Property type already existed: 1550
INFO:root:Property type already existed: 1551
INFO:root:Property type already existed: 1553
INFO:root:Property images added successfully 25416
INFO:root:New post Created: 25417
INFO:root:Post URL: https://newbuildhomes.org/wp-json/wp/v2/properties
INFO:root:-----------------------------------------------------------------------------------
